<?xml version="1.0" encoding="UTF-8"?>
<testsuite xmlns:xsi="http://www.w3.org/2001/XMLSchema-instance" xsi:noNamespaceSchemaLocation="https://maven.apache.org/surefire/maven-surefire-plugin/xsd/surefire-test-report-3.0.xsd" version="3.0" name="com.rishabh.exchangeRate.services.SchedulerServiceTest" time="0.619" tests="2" errors="0" skipped="0" failures="0">
  <properties>
[...]
</properties>
  <testcase name="fetchRateData_Error" classname="com.rishabh.exchangeRate.services.SchedulerServiceTest" time="0.213">
    <system-out><![CDATA[2024-02-05T23:06:10.073+05:30  INFO 5148 --- [           main] t.c.s.AnnotationConfigContextLoaderUtils : Could not detect default configuration classes for test class [com.rishabh.exchangeRate.services.SchedulerServiceTest]: SchedulerServiceTest does not declare any static, non-private, non-final, nested classes annotated with @Configuration.
2024-02-05T23:06:10.079+05:30  INFO 5148 --- [           main] .b.t.c.SpringBootTestContextBootstrapper : Found @SpringBootConfiguration com.rishabh.exchangeRate.ExchangeRateApplication for test class com.rishabh.exchangeRate.services.SchedulerServiceTest
2024-02-05T23:06:10.391+05:30  WARN 5148 --- [           main] c.r.e.services.SchedulerService          : error
2024-02-05T23:06:10.392+05:30  WARN 5148 --- [           main] c.r.e.services.SchedulerService          : error
2024-02-05T23:06:10.392+05:30  WARN 5148 --- [           main] c.r.e.services.SchedulerService          : error
2024-02-05T23:06:10.393+05:30  WARN 5148 --- [           main] c.r.e.services.SchedulerService          : error
2024-02-05T23:06:10.393+05:30  WARN 5148 --- [           main] c.r.e.services.SchedulerService          : error
2024-02-05T23:06:10.394+05:30  WARN 5148 --- [           main] c.r.e.services.SchedulerService          : error
2024-02-05T23:06:10.394+05:30  WARN 5148 --- [           main] c.r.e.services.SchedulerService          : error
2024-02-05T23:06:10.395+05:30  WARN 5148 --- [           main] c.r.e.services.SchedulerService          : error
2024-02-05T23:06:10.395+05:30  WARN 5148 --- [           main] c.r.e.services.SchedulerService          : error
2024-02-05T23:06:10.395+05:30  WARN 5148 --- [           main] c.r.e.services.SchedulerService          : error
2024-02-05T23:06:10.396+05:30  WARN 5148 --- [           main] c.r.e.services.SchedulerService          : error
2024-02-05T23:06:10.396+05:30  WARN 5148 --- [           main] c.r.e.services.SchedulerService          : error
2024-02-05T23:06:10.397+05:30  WARN 5148 --- [           main] c.r.e.services.SchedulerService          : error
2024-02-05T23:06:10.397+05:30  WARN 5148 --- [           main] c.r.e.services.SchedulerService          : error
2024-02-05T23:06:10.398+05:30  WARN 5148 --- [           main] c.r.e.services.SchedulerService          : error
2024-02-05T23:06:10.398+05:30  WARN 5148 --- [           main] c.r.e.services.SchedulerService          : error
2024-02-05T23:06:10.399+05:30  WARN 5148 --- [           main] c.r.e.services.SchedulerService          : error
2024-02-05T23:06:10.399+05:30  WARN 5148 --- [           main] c.r.e.services.SchedulerService          : error
2024-02-05T23:06:10.399+05:30  WARN 5148 --- [           main] c.r.e.services.SchedulerService          : error
2024-02-05T23:06:10.400+05:30  WARN 5148 --- [           main] c.r.e.services.SchedulerService          : error
2024-02-05T23:06:10.400+05:30  WARN 5148 --- [           main] c.r.e.services.SchedulerService          : error
2024-02-05T23:06:10.401+05:30  WARN 5148 --- [           main] c.r.e.services.SchedulerService          : error
2024-02-05T23:06:10.401+05:30  WARN 5148 --- [           main] c.r.e.services.SchedulerService          : error
2024-02-05T23:06:10.402+05:30  WARN 5148 --- [           main] c.r.e.services.SchedulerService          : error
2024-02-05T23:06:10.403+05:30  WARN 5148 --- [           main] c.r.e.services.SchedulerService          : error
2024-02-05T23:06:10.404+05:30  WARN 5148 --- [           main] c.r.e.services.SchedulerService          : error
2024-02-05T23:06:10.404+05:30  WARN 5148 --- [           main] c.r.e.services.SchedulerService          : error
2024-02-05T23:06:10.404+05:30  WARN 5148 --- [           main] c.r.e.services.SchedulerService          : error
2024-02-05T23:06:10.405+05:30  WARN 5148 --- [           main] c.r.e.services.SchedulerService          : error
2024-02-05T23:06:10.405+05:30  WARN 5148 --- [           main] c.r.e.services.SchedulerService          : error
2024-02-05T23:06:10.406+05:30  WARN 5148 --- [           main] c.r.e.services.SchedulerService          : error
2024-02-05T23:06:10.406+05:30  WARN 5148 --- [           main] c.r.e.services.SchedulerService          : error
2024-02-05T23:06:10.407+05:30  WARN 5148 --- [           main] c.r.e.services.SchedulerService          : error
2024-02-05T23:06:10.407+05:30  WARN 5148 --- [           main] c.r.e.services.SchedulerService          : error
2024-02-05T23:06:10.408+05:30  WARN 5148 --- [           main] c.r.e.services.SchedulerService          : error
2024-02-05T23:06:10.408+05:30  WARN 5148 --- [           main] c.r.e.services.SchedulerService          : error
2024-02-05T23:06:10.409+05:30  WARN 5148 --- [           main] c.r.e.services.SchedulerService          : error
2024-02-05T23:06:10.409+05:30  WARN 5148 --- [           main] c.r.e.services.SchedulerService          : error
2024-02-05T23:06:10.410+05:30  WARN 5148 --- [           main] c.r.e.services.SchedulerService          : error
2024-02-05T23:06:10.410+05:30  WARN 5148 --- [           main] c.r.e.services.SchedulerService          : error
2024-02-05T23:06:10.410+05:30  WARN 5148 --- [           main] c.r.e.services.SchedulerService          : error
2024-02-05T23:06:10.411+05:30  WARN 5148 --- [           main] c.r.e.services.SchedulerService          : error
2024-02-05T23:06:10.411+05:30  WARN 5148 --- [           main] c.r.e.services.SchedulerService          : error
2024-02-05T23:06:10.412+05:30  WARN 5148 --- [           main] c.r.e.services.SchedulerService          : error
2024-02-05T23:06:10.412+05:30  WARN 5148 --- [           main] c.r.e.services.SchedulerService          : error
2024-02-05T23:06:10.412+05:30  WARN 5148 --- [           main] c.r.e.services.SchedulerService          : error
2024-02-05T23:06:10.413+05:30  WARN 5148 --- [           main] c.r.e.services.SchedulerService          : error
2024-02-05T23:06:10.413+05:30  WARN 5148 --- [           main] c.r.e.services.SchedulerService          : error
2024-02-05T23:06:10.414+05:30  WARN 5148 --- [           main] c.r.e.services.SchedulerService          : error
2024-02-05T23:06:10.414+05:30  WARN 5148 --- [           main] c.r.e.services.SchedulerService          : error
2024-02-05T23:06:10.414+05:30  WARN 5148 --- [           main] c.r.e.services.SchedulerService          : error
2024-02-05T23:06:10.415+05:30  WARN 5148 --- [           main] c.r.e.services.SchedulerService          : error
2024-02-05T23:06:10.415+05:30  WARN 5148 --- [           main] c.r.e.services.SchedulerService          : error
2024-02-05T23:06:10.415+05:30  WARN 5148 --- [           main] c.r.e.services.SchedulerService          : error
2024-02-05T23:06:10.416+05:30  WARN 5148 --- [           main] c.r.e.services.SchedulerService          : error
2024-02-05T23:06:10.416+05:30  WARN 5148 --- [           main] c.r.e.services.SchedulerService          : error
2024-02-05T23:06:10.417+05:30  WARN 5148 --- [           main] c.r.e.services.SchedulerService          : error
2024-02-05T23:06:10.417+05:30  WARN 5148 --- [           main] c.r.e.services.SchedulerService          : error
2024-02-05T23:06:10.418+05:30  WARN 5148 --- [           main] c.r.e.services.SchedulerService          : error
2024-02-05T23:06:10.418+05:30  WARN 5148 --- [           main] c.r.e.services.SchedulerService          : error
2024-02-05T23:06:10.418+05:30  WARN 5148 --- [           main] c.r.e.services.SchedulerService          : error
2024-02-05T23:06:10.419+05:30  WARN 5148 --- [           main] c.r.e.services.SchedulerService          : error
2024-02-05T23:06:10.419+05:30  WARN 5148 --- [           main] c.r.e.services.SchedulerService          : error
2024-02-05T23:06:10.420+05:30  WARN 5148 --- [           main] c.r.e.services.SchedulerService          : error
2024-02-05T23:06:10.420+05:30  WARN 5148 --- [           main] c.r.e.services.SchedulerService          : error
2024-02-05T23:06:10.420+05:30  WARN 5148 --- [           main] c.r.e.services.SchedulerService          : error
2024-02-05T23:06:10.421+05:30  WARN 5148 --- [           main] c.r.e.services.SchedulerService          : error
2024-02-05T23:06:10.421+05:30  WARN 5148 --- [           main] c.r.e.services.SchedulerService          : error
2024-02-05T23:06:10.421+05:30  WARN 5148 --- [           main] c.r.e.services.SchedulerService          : error
2024-02-05T23:06:10.422+05:30  WARN 5148 --- [           main] c.r.e.services.SchedulerService          : error
2024-02-05T23:06:10.422+05:30  WARN 5148 --- [           main] c.r.e.services.SchedulerService          : error
2024-02-05T23:06:10.423+05:30  WARN 5148 --- [           main] c.r.e.services.SchedulerService          : error
2024-02-05T23:06:10.423+05:30  WARN 5148 --- [           main] c.r.e.services.SchedulerService          : error
2024-02-05T23:06:10.423+05:30  WARN 5148 --- [           main] c.r.e.services.SchedulerService          : error
2024-02-05T23:06:10.424+05:30  WARN 5148 --- [           main] c.r.e.services.SchedulerService          : error
2024-02-05T23:06:10.424+05:30  WARN 5148 --- [           main] c.r.e.services.SchedulerService          : error
2024-02-05T23:06:10.424+05:30  WARN 5148 --- [           main] c.r.e.services.SchedulerService          : error
2024-02-05T23:06:10.424+05:30  WARN 5148 --- [           main] c.r.e.services.SchedulerService          : error
2024-02-05T23:06:10.425+05:30  WARN 5148 --- [           main] c.r.e.services.SchedulerService          : error
2024-02-05T23:06:10.425+05:30  WARN 5148 --- [           main] c.r.e.services.SchedulerService          : error
2024-02-05T23:06:10.425+05:30  WARN 5148 --- [           main] c.r.e.services.SchedulerService          : error
2024-02-05T23:06:10.426+05:30  WARN 5148 --- [           main] c.r.e.services.SchedulerService          : error
2024-02-05T23:06:10.426+05:30  WARN 5148 --- [           main] c.r.e.services.SchedulerService          : error
2024-02-05T23:06:10.427+05:30  WARN 5148 --- [           main] c.r.e.services.SchedulerService          : error
2024-02-05T23:06:10.427+05:30  WARN 5148 --- [           main] c.r.e.services.SchedulerService          : error
2024-02-05T23:06:10.428+05:30  WARN 5148 --- [           main] c.r.e.services.SchedulerService          : error
2024-02-05T23:06:10.428+05:30  WARN 5148 --- [           main] c.r.e.services.SchedulerService          : error
2024-02-05T23:06:10.428+05:30  WARN 5148 --- [           main] c.r.e.services.SchedulerService          : error
2024-02-05T23:06:10.429+05:30  WARN 5148 --- [           main] c.r.e.services.SchedulerService          : error
2024-02-05T23:06:10.429+05:30  WARN 5148 --- [           main] c.r.e.services.SchedulerService          : error
2024-02-05T23:06:10.429+05:30  WARN 5148 --- [           main] c.r.e.services.SchedulerService          : error
2024-02-05T23:06:10.430+05:30  WARN 5148 --- [           main] c.r.e.services.SchedulerService          : error
2024-02-05T23:06:10.430+05:30  WARN 5148 --- [           main] c.r.e.services.SchedulerService          : error
2024-02-05T23:06:10.431+05:30  WARN 5148 --- [           main] c.r.e.services.SchedulerService          : error
2024-02-05T23:06:10.431+05:30  WARN 5148 --- [           main] c.r.e.services.SchedulerService          : error
2024-02-05T23:06:10.431+05:30  WARN 5148 --- [           main] c.r.e.services.SchedulerService          : error
2024-02-05T23:06:10.432+05:30  WARN 5148 --- [           main] c.r.e.services.SchedulerService          : error
2024-02-05T23:06:10.432+05:30  WARN 5148 --- [           main] c.r.e.services.SchedulerService          : error
2024-02-05T23:06:10.433+05:30  WARN 5148 --- [           main] c.r.e.services.SchedulerService          : error
2024-02-05T23:06:10.433+05:30  WARN 5148 --- [           main] c.r.e.services.SchedulerService          : error
2024-02-05T23:06:10.433+05:30  WARN 5148 --- [           main] c.r.e.services.SchedulerService          : error
2024-02-05T23:06:10.434+05:30  WARN 5148 --- [           main] c.r.e.services.SchedulerService          : error
2024-02-05T23:06:10.434+05:30  WARN 5148 --- [           main] c.r.e.services.SchedulerService          : error
2024-02-05T23:06:10.434+05:30  WARN 5148 --- [           main] c.r.e.services.SchedulerService          : error
2024-02-05T23:06:10.435+05:30  WARN 5148 --- [           main] c.r.e.services.SchedulerService          : error
2024-02-05T23:06:10.435+05:30  WARN 5148 --- [           main] c.r.e.services.SchedulerService          : error
2024-02-05T23:06:10.435+05:30  WARN 5148 --- [           main] c.r.e.services.SchedulerService          : error
2024-02-05T23:06:10.436+05:30  WARN 5148 --- [           main] c.r.e.services.SchedulerService          : error
2024-02-05T23:06:10.436+05:30  WARN 5148 --- [           main] c.r.e.services.SchedulerService          : error
2024-02-05T23:06:10.436+05:30  WARN 5148 --- [           main] c.r.e.services.SchedulerService          : error
2024-02-05T23:06:10.437+05:30  WARN 5148 --- [           main] c.r.e.services.SchedulerService          : error
2024-02-05T23:06:10.437+05:30  WARN 5148 --- [           main] c.r.e.services.SchedulerService          : error
2024-02-05T23:06:10.437+05:30  WARN 5148 --- [           main] c.r.e.services.SchedulerService          : error
2024-02-05T23:06:10.438+05:30  WARN 5148 --- [           main] c.r.e.services.SchedulerService          : error
2024-02-05T23:06:10.438+05:30  WARN 5148 --- [           main] c.r.e.services.SchedulerService          : error
2024-02-05T23:06:10.438+05:30  WARN 5148 --- [           main] c.r.e.services.SchedulerService          : error
2024-02-05T23:06:10.439+05:30  WARN 5148 --- [           main] c.r.e.services.SchedulerService          : error
2024-02-05T23:06:10.439+05:30  WARN 5148 --- [           main] c.r.e.services.SchedulerService          : error
2024-02-05T23:06:10.440+05:30  WARN 5148 --- [           main] c.r.e.services.SchedulerService          : error
2024-02-05T23:06:10.440+05:30  WARN 5148 --- [           main] c.r.e.services.SchedulerService          : error
2024-02-05T23:06:10.440+05:30  WARN 5148 --- [           main] c.r.e.services.SchedulerService          : error
2024-02-05T23:06:10.441+05:30  WARN 5148 --- [           main] c.r.e.services.SchedulerService          : error
2024-02-05T23:06:10.441+05:30  WARN 5148 --- [           main] c.r.e.services.SchedulerService          : error
2024-02-05T23:06:10.442+05:30  WARN 5148 --- [           main] c.r.e.services.SchedulerService          : error
2024-02-05T23:06:10.442+05:30  WARN 5148 --- [           main] c.r.e.services.SchedulerService          : error
2024-02-05T23:06:10.442+05:30  WARN 5148 --- [           main] c.r.e.services.SchedulerService          : error
2024-02-05T23:06:10.443+05:30  WARN 5148 --- [           main] c.r.e.services.SchedulerService          : error
2024-02-05T23:06:10.443+05:30  WARN 5148 --- [           main] c.r.e.services.SchedulerService          : error
2024-02-05T23:06:10.443+05:30  WARN 5148 --- [           main] c.r.e.services.SchedulerService          : error
2024-02-05T23:06:10.444+05:30  WARN 5148 --- [           main] c.r.e.services.SchedulerService          : error
2024-02-05T23:06:10.444+05:30  WARN 5148 --- [           main] c.r.e.services.SchedulerService          : error
2024-02-05T23:06:10.444+05:30  WARN 5148 --- [           main] c.r.e.services.SchedulerService          : error
2024-02-05T23:06:10.445+05:30  WARN 5148 --- [           main] c.r.e.services.SchedulerService          : error
2024-02-05T23:06:10.445+05:30  WARN 5148 --- [           main] c.r.e.services.SchedulerService          : error
2024-02-05T23:06:10.445+05:30  WARN 5148 --- [           main] c.r.e.services.SchedulerService          : error
2024-02-05T23:06:10.445+05:30  WARN 5148 --- [           main] c.r.e.services.SchedulerService          : error
2024-02-05T23:06:10.446+05:30  WARN 5148 --- [           main] c.r.e.services.SchedulerService          : error
2024-02-05T23:06:10.446+05:30  WARN 5148 --- [           main] c.r.e.services.SchedulerService          : error
2024-02-05T23:06:10.446+05:30  WARN 5148 --- [           main] c.r.e.services.SchedulerService          : error
2024-02-05T23:06:10.447+05:30  WARN 5148 --- [           main] c.r.e.services.SchedulerService          : error
2024-02-05T23:06:10.447+05:30  WARN 5148 --- [           main] c.r.e.services.SchedulerService          : error
2024-02-05T23:06:10.447+05:30  WARN 5148 --- [           main] c.r.e.services.SchedulerService          : error
2024-02-05T23:06:10.448+05:30  WARN 5148 --- [           main] c.r.e.services.SchedulerService          : error
2024-02-05T23:06:10.448+05:30  WARN 5148 --- [           main] c.r.e.services.SchedulerService          : error
2024-02-05T23:06:10.449+05:30  WARN 5148 --- [           main] c.r.e.services.SchedulerService          : error
2024-02-05T23:06:10.450+05:30  WARN 5148 --- [           main] c.r.e.services.SchedulerService          : error
2024-02-05T23:06:10.450+05:30  WARN 5148 --- [           main] c.r.e.services.SchedulerService          : error
2024-02-05T23:06:10.451+05:30  WARN 5148 --- [           main] c.r.e.services.SchedulerService          : error
2024-02-05T23:06:10.451+05:30  WARN 5148 --- [           main] c.r.e.services.SchedulerService          : error
2024-02-05T23:06:10.452+05:30  WARN 5148 --- [           main] c.r.e.services.SchedulerService          : error
2024-02-05T23:06:10.453+05:30  WARN 5148 --- [           main] c.r.e.services.SchedulerService          : error
2024-02-05T23:06:10.454+05:30  WARN 5148 --- [           main] c.r.e.services.SchedulerService          : error
2024-02-05T23:06:10.454+05:30  WARN 5148 --- [           main] c.r.e.services.SchedulerService          : error
2024-02-05T23:06:10.455+05:30  WARN 5148 --- [           main] c.r.e.services.SchedulerService          : error
2024-02-05T23:06:10.456+05:30  WARN 5148 --- [           main] c.r.e.services.SchedulerService          : error
2024-02-05T23:06:10.456+05:30  WARN 5148 --- [           main] c.r.e.services.SchedulerService          : error
2024-02-05T23:06:10.456+05:30  WARN 5148 --- [           main] c.r.e.services.SchedulerService          : error
2024-02-05T23:06:10.457+05:30  WARN 5148 --- [           main] c.r.e.services.SchedulerService          : error
2024-02-05T23:06:10.458+05:30  WARN 5148 --- [           main] c.r.e.services.SchedulerService          : error
2024-02-05T23:06:10.458+05:30  WARN 5148 --- [           main] c.r.e.services.SchedulerService          : error
2024-02-05T23:06:10.459+05:30  WARN 5148 --- [           main] c.r.e.services.SchedulerService          : error
2024-02-05T23:06:10.460+05:30  WARN 5148 --- [           main] c.r.e.services.SchedulerService          : error
2024-02-05T23:06:10.460+05:30  WARN 5148 --- [           main] c.r.e.services.SchedulerService          : error
2024-02-05T23:06:10.461+05:30  WARN 5148 --- [           main] c.r.e.services.SchedulerService          : error
2024-02-05T23:06:10.461+05:30  WARN 5148 --- [           main] c.r.e.services.SchedulerService          : error
2024-02-05T23:06:10.462+05:30  WARN 5148 --- [           main] c.r.e.services.SchedulerService          : error
2024-02-05T23:06:10.462+05:30  WARN 5148 --- [           main] c.r.e.services.SchedulerService          : error
2024-02-05T23:06:10.463+05:30  WARN 5148 --- [           main] c.r.e.services.SchedulerService          : error
2024-02-05T23:06:10.463+05:30  WARN 5148 --- [           main] c.r.e.services.SchedulerService          : error
2024-02-05T23:06:10.463+05:30  WARN 5148 --- [           main] c.r.e.services.SchedulerService          : error
2024-02-05T23:06:10.464+05:30  WARN 5148 --- [           main] c.r.e.services.SchedulerService          : error
2024-02-05T23:06:10.464+05:30  WARN 5148 --- [           main] c.r.e.services.SchedulerService          : error
2024-02-05T23:06:10.465+05:30  WARN 5148 --- [           main] c.r.e.services.SchedulerService          : error
2024-02-05T23:06:10.466+05:30  WARN 5148 --- [           main] c.r.e.services.SchedulerService          : error
2024-02-05T23:06:10.467+05:30  WARN 5148 --- [           main] c.r.e.services.SchedulerService          : error
2024-02-05T23:06:10.468+05:30  WARN 5148 --- [           main] c.r.e.services.SchedulerService          : error
2024-02-05T23:06:10.470+05:30  WARN 5148 --- [           main] c.r.e.services.SchedulerService          : error
2024-02-05T23:06:10.471+05:30  WARN 5148 --- [           main] c.r.e.services.SchedulerService          : error
2024-02-05T23:06:10.471+05:30  WARN 5148 --- [           main] c.r.e.services.SchedulerService          : error
2024-02-05T23:06:10.472+05:30  WARN 5148 --- [           main] c.r.e.services.SchedulerService          : error
2024-02-05T23:06:10.472+05:30  WARN 5148 --- [           main] c.r.e.services.SchedulerService          : error
2024-02-05T23:06:10.472+05:30  WARN 5148 --- [           main] c.r.e.services.SchedulerService          : error
2024-02-05T23:06:10.473+05:30  WARN 5148 --- [           main] c.r.e.services.SchedulerService          : error
2024-02-05T23:06:10.473+05:30  WARN 5148 --- [           main] c.r.e.services.SchedulerService          : error
2024-02-05T23:06:10.474+05:30  WARN 5148 --- [           main] c.r.e.services.SchedulerService          : error
2024-02-05T23:06:10.475+05:30  WARN 5148 --- [           main] c.r.e.services.SchedulerService          : error
2024-02-05T23:06:10.475+05:30  WARN 5148 --- [           main] c.r.e.services.SchedulerService          : error
2024-02-05T23:06:10.476+05:30  WARN 5148 --- [           main] c.r.e.services.SchedulerService          : error
2024-02-05T23:06:10.476+05:30  WARN 5148 --- [           main] c.r.e.services.SchedulerService          : error
2024-02-05T23:06:10.476+05:30  WARN 5148 --- [           main] c.r.e.services.SchedulerService          : error
2024-02-05T23:06:10.477+05:30  WARN 5148 --- [           main] c.r.e.services.SchedulerService          : error
2024-02-05T23:06:10.477+05:30  WARN 5148 --- [           main] c.r.e.services.SchedulerService          : error
2024-02-05T23:06:10.477+05:30  WARN 5148 --- [           main] c.r.e.services.SchedulerService          : error
2024-02-05T23:06:10.478+05:30  WARN 5148 --- [           main] c.r.e.services.SchedulerService          : error
2024-02-05T23:06:10.478+05:30  WARN 5148 --- [           main] c.r.e.services.SchedulerService          : error
2024-02-05T23:06:10.478+05:30  WARN 5148 --- [           main] c.r.e.services.SchedulerService          : error
2024-02-05T23:06:10.478+05:30  WARN 5148 --- [           main] c.r.e.services.SchedulerService          : error
2024-02-05T23:06:10.479+05:30  WARN 5148 --- [           main] c.r.e.services.SchedulerService          : error
2024-02-05T23:06:10.479+05:30  WARN 5148 --- [           main] c.r.e.services.SchedulerService          : error
2024-02-05T23:06:10.479+05:30  WARN 5148 --- [           main] c.r.e.services.SchedulerService          : error
2024-02-05T23:06:10.480+05:30  WARN 5148 --- [           main] c.r.e.services.SchedulerService          : error
2024-02-05T23:06:10.480+05:30  WARN 5148 --- [           main] c.r.e.services.SchedulerService          : error
2024-02-05T23:06:10.480+05:30  WARN 5148 --- [           main] c.r.e.services.SchedulerService          : error
2024-02-05T23:06:10.481+05:30  WARN 5148 --- [           main] c.r.e.services.SchedulerService          : error
2024-02-05T23:06:10.481+05:30  WARN 5148 --- [           main] c.r.e.services.SchedulerService          : error
2024-02-05T23:06:10.481+05:30  WARN 5148 --- [           main] c.r.e.services.SchedulerService          : error
2024-02-05T23:06:10.481+05:30  WARN 5148 --- [           main] c.r.e.services.SchedulerService          : error
2024-02-05T23:06:10.482+05:30  WARN 5148 --- [           main] c.r.e.services.SchedulerService          : error
2024-02-05T23:06:10.482+05:30  WARN 5148 --- [           main] c.r.e.services.SchedulerService          : error
2024-02-05T23:06:10.482+05:30  WARN 5148 --- [           main] c.r.e.services.SchedulerService          : error
2024-02-05T23:06:10.482+05:30  WARN 5148 --- [           main] c.r.e.services.SchedulerService          : error
2024-02-05T23:06:10.483+05:30  WARN 5148 --- [           main] c.r.e.services.SchedulerService          : error
2024-02-05T23:06:10.483+05:30  WARN 5148 --- [           main] c.r.e.services.SchedulerService          : error
2024-02-05T23:06:10.483+05:30  WARN 5148 --- [           main] c.r.e.services.SchedulerService          : error
2024-02-05T23:06:10.483+05:30  WARN 5148 --- [           main] c.r.e.services.SchedulerService          : error
2024-02-05T23:06:10.484+05:30  WARN 5148 --- [           main] c.r.e.services.SchedulerService          : error
2024-02-05T23:06:10.484+05:30  WARN 5148 --- [           main] c.r.e.services.SchedulerService          : error
2024-02-05T23:06:10.485+05:30  WARN 5148 --- [           main] c.r.e.services.SchedulerService          : error
2024-02-05T23:06:10.485+05:30  WARN 5148 --- [           main] c.r.e.services.SchedulerService          : error
2024-02-05T23:06:10.485+05:30  WARN 5148 --- [           main] c.r.e.services.SchedulerService          : error
2024-02-05T23:06:10.486+05:30  WARN 5148 --- [           main] c.r.e.services.SchedulerService          : error
2024-02-05T23:06:10.486+05:30  WARN 5148 --- [           main] c.r.e.services.SchedulerService          : error
2024-02-05T23:06:10.487+05:30  WARN 5148 --- [           main] c.r.e.services.SchedulerService          : error
2024-02-05T23:06:10.487+05:30  WARN 5148 --- [           main] c.r.e.services.SchedulerService          : error
2024-02-05T23:06:10.487+05:30  WARN 5148 --- [           main] c.r.e.services.SchedulerService          : error
2024-02-05T23:06:10.487+05:30  WARN 5148 --- [           main] c.r.e.services.SchedulerService          : error
2024-02-05T23:06:10.488+05:30  WARN 5148 --- [           main] c.r.e.services.SchedulerService          : error
2024-02-05T23:06:10.488+05:30  WARN 5148 --- [           main] c.r.e.services.SchedulerService          : error
2024-02-05T23:06:10.488+05:30  WARN 5148 --- [           main] c.r.e.services.SchedulerService          : error
2024-02-05T23:06:10.488+05:30  WARN 5148 --- [           main] c.r.e.services.SchedulerService          : error
2024-02-05T23:06:10.489+05:30  WARN 5148 --- [           main] c.r.e.services.SchedulerService          : error
2024-02-05T23:06:10.489+05:30  WARN 5148 --- [           main] c.r.e.services.SchedulerService          : error
2024-02-05T23:06:10.489+05:30  WARN 5148 --- [           main] c.r.e.services.SchedulerService          : error
2024-02-05T23:06:10.489+05:30  WARN 5148 --- [           main] c.r.e.services.SchedulerService          : error
2024-02-05T23:06:10.490+05:30  WARN 5148 --- [           main] c.r.e.services.SchedulerService          : error
2024-02-05T23:06:10.490+05:30  WARN 5148 --- [           main] c.r.e.services.SchedulerService          : error
2024-02-05T23:06:10.490+05:30  WARN 5148 --- [           main] c.r.e.services.SchedulerService          : error
2024-02-05T23:06:10.491+05:30  WARN 5148 --- [           main] c.r.e.services.SchedulerService          : error
2024-02-05T23:06:10.491+05:30  WARN 5148 --- [           main] c.r.e.services.SchedulerService          : error
2024-02-05T23:06:10.492+05:30  WARN 5148 --- [           main] c.r.e.services.SchedulerService          : error
2024-02-05T23:06:10.492+05:30  WARN 5148 --- [           main] c.r.e.services.SchedulerService          : error
2024-02-05T23:06:10.493+05:30  WARN 5148 --- [           main] c.r.e.services.SchedulerService          : error
2024-02-05T23:06:10.493+05:30  WARN 5148 --- [           main] c.r.e.services.SchedulerService          : error
2024-02-05T23:06:10.494+05:30  WARN 5148 --- [           main] c.r.e.services.SchedulerService          : error
2024-02-05T23:06:10.494+05:30  WARN 5148 --- [           main] c.r.e.services.SchedulerService          : error
2024-02-05T23:06:10.495+05:30  WARN 5148 --- [           main] c.r.e.services.SchedulerService          : error
2024-02-05T23:06:10.495+05:30  WARN 5148 --- [           main] c.r.e.services.SchedulerService          : error
2024-02-05T23:06:10.496+05:30  WARN 5148 --- [           main] c.r.e.services.SchedulerService          : error
2024-02-05T23:06:10.496+05:30  WARN 5148 --- [           main] c.r.e.services.SchedulerService          : error
2024-02-05T23:06:10.497+05:30  WARN 5148 --- [           main] c.r.e.services.SchedulerService          : error
2024-02-05T23:06:10.497+05:30  WARN 5148 --- [           main] c.r.e.services.SchedulerService          : error
2024-02-05T23:06:10.498+05:30  WARN 5148 --- [           main] c.r.e.services.SchedulerService          : error
2024-02-05T23:06:10.500+05:30  WARN 5148 --- [           main] c.r.e.services.SchedulerService          : error
2024-02-05T23:06:10.500+05:30  WARN 5148 --- [           main] c.r.e.services.SchedulerService          : error
2024-02-05T23:06:10.501+05:30  WARN 5148 --- [           main] c.r.e.services.SchedulerService          : error
2024-02-05T23:06:10.501+05:30  WARN 5148 --- [           main] c.r.e.services.SchedulerService          : error
2024-02-05T23:06:10.502+05:30  WARN 5148 --- [           main] c.r.e.services.SchedulerService          : error
2024-02-05T23:06:10.503+05:30  WARN 5148 --- [           main] c.r.e.services.SchedulerService          : error
2024-02-05T23:06:10.503+05:30  WARN 5148 --- [           main] c.r.e.services.SchedulerService          : error
2024-02-05T23:06:10.504+05:30  WARN 5148 --- [           main] c.r.e.services.SchedulerService          : error
2024-02-05T23:06:10.504+05:30  WARN 5148 --- [           main] c.r.e.services.SchedulerService          : error
2024-02-05T23:06:10.505+05:30  WARN 5148 --- [           main] c.r.e.services.SchedulerService          : error
2024-02-05T23:06:10.505+05:30  WARN 5148 --- [           main] c.r.e.services.SchedulerService          : error
2024-02-05T23:06:10.506+05:30  WARN 5148 --- [           main] c.r.e.services.SchedulerService          : error
2024-02-05T23:06:10.506+05:30  WARN 5148 --- [           main] c.r.e.services.SchedulerService          : error
2024-02-05T23:06:10.506+05:30  WARN 5148 --- [           main] c.r.e.services.SchedulerService          : error
2024-02-05T23:06:10.507+05:30  WARN 5148 --- [           main] c.r.e.services.SchedulerService          : error
2024-02-05T23:06:10.507+05:30  WARN 5148 --- [           main] c.r.e.services.SchedulerService          : error
2024-02-05T23:06:10.508+05:30  WARN 5148 --- [           main] c.r.e.services.SchedulerService          : error
2024-02-05T23:06:10.508+05:30  WARN 5148 --- [           main] c.r.e.services.SchedulerService          : error
2024-02-05T23:06:10.509+05:30  WARN 5148 --- [           main] c.r.e.services.SchedulerService          : error
2024-02-05T23:06:10.509+05:30  WARN 5148 --- [           main] c.r.e.services.SchedulerService          : error
2024-02-05T23:06:10.510+05:30  WARN 5148 --- [           main] c.r.e.services.SchedulerService          : error
2024-02-05T23:06:10.510+05:30  WARN 5148 --- [           main] c.r.e.services.SchedulerService          : error
2024-02-05T23:06:10.511+05:30  WARN 5148 --- [           main] c.r.e.services.SchedulerService          : error
2024-02-05T23:06:10.511+05:30  WARN 5148 --- [           main] c.r.e.services.SchedulerService          : error
2024-02-05T23:06:10.511+05:30  WARN 5148 --- [           main] c.r.e.services.SchedulerService          : error
2024-02-05T23:06:10.512+05:30  WARN 5148 --- [           main] c.r.e.services.SchedulerService          : error
2024-02-05T23:06:10.513+05:30  WARN 5148 --- [           main] c.r.e.services.SchedulerService          : error
2024-02-05T23:06:10.514+05:30  WARN 5148 --- [           main] c.r.e.services.SchedulerService          : error
2024-02-05T23:06:10.515+05:30  WARN 5148 --- [           main] c.r.e.services.SchedulerService          : error
2024-02-05T23:06:10.516+05:30  WARN 5148 --- [           main] c.r.e.services.SchedulerService          : error
2024-02-05T23:06:10.517+05:30  WARN 5148 --- [           main] c.r.e.services.SchedulerService          : error
2024-02-05T23:06:10.517+05:30  WARN 5148 --- [           main] c.r.e.services.SchedulerService          : error
2024-02-05T23:06:10.518+05:30  WARN 5148 --- [           main] c.r.e.services.SchedulerService          : error
2024-02-05T23:06:10.518+05:30  WARN 5148 --- [           main] c.r.e.services.SchedulerService          : error
2024-02-05T23:06:10.519+05:30  WARN 5148 --- [           main] c.r.e.services.SchedulerService          : error
2024-02-05T23:06:10.520+05:30  WARN 5148 --- [           main] c.r.e.services.SchedulerService          : error
2024-02-05T23:06:10.521+05:30  WARN 5148 --- [           main] c.r.e.services.SchedulerService          : error
2024-02-05T23:06:10.522+05:30  WARN 5148 --- [           main] c.r.e.services.SchedulerService          : error
2024-02-05T23:06:10.522+05:30  WARN 5148 --- [           main] c.r.e.services.SchedulerService          : error
2024-02-05T23:06:10.523+05:30  WARN 5148 --- [           main] c.r.e.services.SchedulerService          : error
2024-02-05T23:06:10.523+05:30  WARN 5148 --- [           main] c.r.e.services.SchedulerService          : error
2024-02-05T23:06:10.524+05:30  WARN 5148 --- [           main] c.r.e.services.SchedulerService          : error
2024-02-05T23:06:10.525+05:30  WARN 5148 --- [           main] c.r.e.services.SchedulerService          : error
2024-02-05T23:06:10.526+05:30  WARN 5148 --- [           main] c.r.e.services.SchedulerService          : error
2024-02-05T23:06:10.528+05:30  WARN 5148 --- [           main] c.r.e.services.SchedulerService          : error
2024-02-05T23:06:10.529+05:30  WARN 5148 --- [           main] c.r.e.services.SchedulerService          : error
2024-02-05T23:06:10.530+05:30  WARN 5148 --- [           main] c.r.e.services.SchedulerService          : error
2024-02-05T23:06:10.531+05:30  WARN 5148 --- [           main] c.r.e.services.SchedulerService          : error
2024-02-05T23:06:10.531+05:30  WARN 5148 --- [           main] c.r.e.services.SchedulerService          : error
2024-02-05T23:06:10.532+05:30  WARN 5148 --- [           main] c.r.e.services.SchedulerService          : error
2024-02-05T23:06:10.533+05:30  WARN 5148 --- [           main] c.r.e.services.SchedulerService          : error
2024-02-05T23:06:10.533+05:30  WARN 5148 --- [           main] c.r.e.services.SchedulerService          : error
2024-02-05T23:06:10.533+05:30  WARN 5148 --- [           main] c.r.e.services.SchedulerService          : error
2024-02-05T23:06:10.533+05:30  WARN 5148 --- [           main] c.r.e.services.SchedulerService          : error
2024-02-05T23:06:10.533+05:30  WARN 5148 --- [           main] c.r.e.services.SchedulerService          : error
2024-02-05T23:06:10.534+05:30  WARN 5148 --- [           main] c.r.e.services.SchedulerService          : error
2024-02-05T23:06:10.534+05:30  WARN 5148 --- [           main] c.r.e.services.SchedulerService          : error
2024-02-05T23:06:10.534+05:30  WARN 5148 --- [           main] c.r.e.services.SchedulerService          : error
2024-02-05T23:06:10.534+05:30  WARN 5148 --- [           main] c.r.e.services.SchedulerService          : error
2024-02-05T23:06:10.535+05:30  WARN 5148 --- [           main] c.r.e.services.SchedulerService          : error
2024-02-05T23:06:10.535+05:30  WARN 5148 --- [           main] c.r.e.services.SchedulerService          : error
2024-02-05T23:06:10.535+05:30  WARN 5148 --- [           main] c.r.e.services.SchedulerService          : error
2024-02-05T23:06:10.535+05:30  WARN 5148 --- [           main] c.r.e.services.SchedulerService          : error
2024-02-05T23:06:10.536+05:30  WARN 5148 --- [           main] c.r.e.services.SchedulerService          : error
2024-02-05T23:06:10.536+05:30  WARN 5148 --- [           main] c.r.e.services.SchedulerService          : error
2024-02-05T23:06:10.536+05:30  WARN 5148 --- [           main] c.r.e.services.SchedulerService          : error
2024-02-05T23:06:10.537+05:30  WARN 5148 --- [           main] c.r.e.services.SchedulerService          : error
2024-02-05T23:06:10.537+05:30  WARN 5148 --- [           main] c.r.e.services.SchedulerService          : error
2024-02-05T23:06:10.537+05:30  WARN 5148 --- [           main] c.r.e.services.SchedulerService          : error
2024-02-05T23:06:10.537+05:30  WARN 5148 --- [           main] c.r.e.services.SchedulerService          : error
2024-02-05T23:06:10.538+05:30  WARN 5148 --- [           main] c.r.e.services.SchedulerService          : error
2024-02-05T23:06:10.538+05:30  WARN 5148 --- [           main] c.r.e.services.SchedulerService          : error
2024-02-05T23:06:10.538+05:30  WARN 5148 --- [           main] c.r.e.services.SchedulerService          : error
2024-02-05T23:06:10.538+05:30  WARN 5148 --- [           main] c.r.e.services.SchedulerService          : error
2024-02-05T23:06:10.538+05:30  WARN 5148 --- [           main] c.r.e.services.SchedulerService          : error
2024-02-05T23:06:10.539+05:30  WARN 5148 --- [           main] c.r.e.services.SchedulerService          : error
2024-02-05T23:06:10.539+05:30  WARN 5148 --- [           main] c.r.e.services.SchedulerService          : error
2024-02-05T23:06:10.539+05:30  WARN 5148 --- [           main] c.r.e.services.SchedulerService          : error
2024-02-05T23:06:10.539+05:30  WARN 5148 --- [           main] c.r.e.services.SchedulerService          : error
2024-02-05T23:06:10.540+05:30  WARN 5148 --- [           main] c.r.e.services.SchedulerService          : error
2024-02-05T23:06:10.540+05:30  WARN 5148 --- [           main] c.r.e.services.SchedulerService          : error
2024-02-05T23:06:10.540+05:30  WARN 5148 --- [           main] c.r.e.services.SchedulerService          : error
2024-02-05T23:06:10.540+05:30  WARN 5148 --- [           main] c.r.e.services.SchedulerService          : error
2024-02-05T23:06:10.540+05:30  WARN 5148 --- [           main] c.r.e.services.SchedulerService          : error
2024-02-05T23:06:10.540+05:30  WARN 5148 --- [           main] c.r.e.services.SchedulerService          : error
2024-02-05T23:06:10.541+05:30  WARN 5148 --- [           main] c.r.e.services.SchedulerService          : error
2024-02-05T23:06:10.541+05:30  WARN 5148 --- [           main] c.r.e.services.SchedulerService          : error
2024-02-05T23:06:10.541+05:30  WARN 5148 --- [           main] c.r.e.services.SchedulerService          : error
2024-02-05T23:06:10.541+05:30  WARN 5148 --- [           main] c.r.e.services.SchedulerService          : error
2024-02-05T23:06:10.542+05:30  WARN 5148 --- [           main] c.r.e.services.SchedulerService          : error
2024-02-05T23:06:10.542+05:30  WARN 5148 --- [           main] c.r.e.services.SchedulerService          : error
2024-02-05T23:06:10.542+05:30  WARN 5148 --- [           main] c.r.e.services.SchedulerService          : error
2024-02-05T23:06:10.542+05:30  WARN 5148 --- [           main] c.r.e.services.SchedulerService          : error
2024-02-05T23:06:10.543+05:30  WARN 5148 --- [           main] c.r.e.services.SchedulerService          : error
2024-02-05T23:06:10.543+05:30  WARN 5148 --- [           main] c.r.e.services.SchedulerService          : error
2024-02-05T23:06:10.543+05:30  WARN 5148 --- [           main] c.r.e.services.SchedulerService          : error
2024-02-05T23:06:10.543+05:30  WARN 5148 --- [           main] c.r.e.services.SchedulerService          : error
2024-02-05T23:06:10.543+05:30  WARN 5148 --- [           main] c.r.e.services.SchedulerService          : error
2024-02-05T23:06:10.545+05:30  WARN 5148 --- [           main] c.r.e.services.SchedulerService          : error
2024-02-05T23:06:10.546+05:30  WARN 5148 --- [           main] c.r.e.services.SchedulerService          : error
2024-02-05T23:06:10.547+05:30  WARN 5148 --- [           main] c.r.e.services.SchedulerService          : error
2024-02-05T23:06:10.547+05:30  WARN 5148 --- [           main] c.r.e.services.SchedulerService          : error
2024-02-05T23:06:10.548+05:30  WARN 5148 --- [           main] c.r.e.services.SchedulerService          : error
2024-02-05T23:06:10.548+05:30  WARN 5148 --- [           main] c.r.e.services.SchedulerService          : error
2024-02-05T23:06:10.549+05:30  WARN 5148 --- [           main] c.r.e.services.SchedulerService          : error
2024-02-05T23:06:10.549+05:30  WARN 5148 --- [           main] c.r.e.services.SchedulerService          : error
2024-02-05T23:06:10.549+05:30  WARN 5148 --- [           main] c.r.e.services.SchedulerService          : error
2024-02-05T23:06:10.550+05:30  WARN 5148 --- [           main] c.r.e.services.SchedulerService          : error
2024-02-05T23:06:10.550+05:30  WARN 5148 --- [           main] c.r.e.services.SchedulerService          : error
2024-02-05T23:06:10.551+05:30  WARN 5148 --- [           main] c.r.e.services.SchedulerService          : error
2024-02-05T23:06:10.551+05:30  WARN 5148 --- [           main] c.r.e.services.SchedulerService          : error
2024-02-05T23:06:10.551+05:30  WARN 5148 --- [           main] c.r.e.services.SchedulerService          : error
2024-02-05T23:06:10.552+05:30  WARN 5148 --- [           main] c.r.e.services.SchedulerService          : error
2024-02-05T23:06:10.553+05:30  WARN 5148 --- [           main] c.r.e.services.SchedulerService          : error
2024-02-05T23:06:10.553+05:30  WARN 5148 --- [           main] c.r.e.services.SchedulerService          : error
]]></system-out>
  </testcase>
  <testcase name="fetchRateData_Success" classname="com.rishabh.exchangeRate.services.SchedulerServiceTest" time="0.111">
    <system-out><![CDATA[2024-02-05T23:06:10.587+05:30  WARN 5148 --- [           main] c.r.e.services.SchedulerService          : success
2024-02-05T23:06:10.588+05:30  WARN 5148 --- [           main] c.r.e.services.SchedulerService          : success
2024-02-05T23:06:10.589+05:30  WARN 5148 --- [           main] c.r.e.services.SchedulerService          : success
2024-02-05T23:06:10.589+05:30  WARN 5148 --- [           main] c.r.e.services.SchedulerService          : success
2024-02-05T23:06:10.590+05:30  WARN 5148 --- [           main] c.r.e.services.SchedulerService          : success
2024-02-05T23:06:10.590+05:30  WARN 5148 --- [           main] c.r.e.services.SchedulerService          : success
2024-02-05T23:06:10.590+05:30  WARN 5148 --- [           main] c.r.e.services.SchedulerService          : success
2024-02-05T23:06:10.591+05:30  WARN 5148 --- [           main] c.r.e.services.SchedulerService          : success
2024-02-05T23:06:10.592+05:30  WARN 5148 --- [           main] c.r.e.services.SchedulerService          : success
2024-02-05T23:06:10.592+05:30  WARN 5148 --- [           main] c.r.e.services.SchedulerService          : success
2024-02-05T23:06:10.593+05:30  WARN 5148 --- [           main] c.r.e.services.SchedulerService          : success
2024-02-05T23:06:10.594+05:30  WARN 5148 --- [           main] c.r.e.services.SchedulerService          : success
2024-02-05T23:06:10.595+05:30  WARN 5148 --- [           main] c.r.e.services.SchedulerService          : success
2024-02-05T23:06:10.596+05:30  WARN 5148 --- [           main] c.r.e.services.SchedulerService          : success
2024-02-05T23:06:10.596+05:30  WARN 5148 --- [           main] c.r.e.services.SchedulerService          : success
2024-02-05T23:06:10.597+05:30  WARN 5148 --- [           main] c.r.e.services.SchedulerService          : success
2024-02-05T23:06:10.597+05:30  WARN 5148 --- [           main] c.r.e.services.SchedulerService          : success
2024-02-05T23:06:10.598+05:30  WARN 5148 --- [           main] c.r.e.services.SchedulerService          : success
2024-02-05T23:06:10.598+05:30  WARN 5148 --- [           main] c.r.e.services.SchedulerService          : success
2024-02-05T23:06:10.599+05:30  WARN 5148 --- [           main] c.r.e.services.SchedulerService          : success
2024-02-05T23:06:10.601+05:30  WARN 5148 --- [           main] c.r.e.services.SchedulerService          : success
2024-02-05T23:06:10.602+05:30  WARN 5148 --- [           main] c.r.e.services.SchedulerService          : success
2024-02-05T23:06:10.602+05:30  WARN 5148 --- [           main] c.r.e.services.SchedulerService          : success
2024-02-05T23:06:10.603+05:30  WARN 5148 --- [           main] c.r.e.services.SchedulerService          : success
2024-02-05T23:06:10.603+05:30  WARN 5148 --- [           main] c.r.e.services.SchedulerService          : success
2024-02-05T23:06:10.603+05:30  WARN 5148 --- [           main] c.r.e.services.SchedulerService          : success
2024-02-05T23:06:10.603+05:30  WARN 5148 --- [           main] c.r.e.services.SchedulerService          : success
2024-02-05T23:06:10.603+05:30  WARN 5148 --- [           main] c.r.e.services.SchedulerService          : success
2024-02-05T23:06:10.604+05:30  WARN 5148 --- [           main] c.r.e.services.SchedulerService          : success
2024-02-05T23:06:10.604+05:30  WARN 5148 --- [           main] c.r.e.services.SchedulerService          : success
2024-02-05T23:06:10.604+05:30  WARN 5148 --- [           main] c.r.e.services.SchedulerService          : success
2024-02-05T23:06:10.604+05:30  WARN 5148 --- [           main] c.r.e.services.SchedulerService          : success
2024-02-05T23:06:10.604+05:30  WARN 5148 --- [           main] c.r.e.services.SchedulerService          : success
2024-02-05T23:06:10.605+05:30  WARN 5148 --- [           main] c.r.e.services.SchedulerService          : success
2024-02-05T23:06:10.605+05:30  WARN 5148 --- [           main] c.r.e.services.SchedulerService          : success
2024-02-05T23:06:10.605+05:30  WARN 5148 --- [           main] c.r.e.services.SchedulerService          : success
2024-02-05T23:06:10.605+05:30  WARN 5148 --- [           main] c.r.e.services.SchedulerService          : success
2024-02-05T23:06:10.605+05:30  WARN 5148 --- [           main] c.r.e.services.SchedulerService          : success
2024-02-05T23:06:10.606+05:30  WARN 5148 --- [           main] c.r.e.services.SchedulerService          : success
2024-02-05T23:06:10.606+05:30  WARN 5148 --- [           main] c.r.e.services.SchedulerService          : success
2024-02-05T23:06:10.606+05:30  WARN 5148 --- [           main] c.r.e.services.SchedulerService          : success
2024-02-05T23:06:10.606+05:30  WARN 5148 --- [           main] c.r.e.services.SchedulerService          : success
2024-02-05T23:06:10.606+05:30  WARN 5148 --- [           main] c.r.e.services.SchedulerService          : success
2024-02-05T23:06:10.607+05:30  WARN 5148 --- [           main] c.r.e.services.SchedulerService          : success
2024-02-05T23:06:10.607+05:30  WARN 5148 --- [           main] c.r.e.services.SchedulerService          : success
2024-02-05T23:06:10.607+05:30  WARN 5148 --- [           main] c.r.e.services.SchedulerService          : success
2024-02-05T23:06:10.608+05:30  WARN 5148 --- [           main] c.r.e.services.SchedulerService          : success
2024-02-05T23:06:10.609+05:30  WARN 5148 --- [           main] c.r.e.services.SchedulerService          : success
2024-02-05T23:06:10.610+05:30  WARN 5148 --- [           main] c.r.e.services.SchedulerService          : success
2024-02-05T23:06:10.611+05:30  WARN 5148 --- [           main] c.r.e.services.SchedulerService          : success
2024-02-05T23:06:10.611+05:30  WARN 5148 --- [           main] c.r.e.services.SchedulerService          : success
2024-02-05T23:06:10.612+05:30  WARN 5148 --- [           main] c.r.e.services.SchedulerService          : success
2024-02-05T23:06:10.612+05:30  WARN 5148 --- [           main] c.r.e.services.SchedulerService          : success
2024-02-05T23:06:10.613+05:30  WARN 5148 --- [           main] c.r.e.services.SchedulerService          : success
2024-02-05T23:06:10.613+05:30  WARN 5148 --- [           main] c.r.e.services.SchedulerService          : success
2024-02-05T23:06:10.613+05:30  WARN 5148 --- [           main] c.r.e.services.SchedulerService          : success
2024-02-05T23:06:10.613+05:30  WARN 5148 --- [           main] c.r.e.services.SchedulerService          : success
2024-02-05T23:06:10.613+05:30  WARN 5148 --- [           main] c.r.e.services.SchedulerService          : success
2024-02-05T23:06:10.614+05:30  WARN 5148 --- [           main] c.r.e.services.SchedulerService          : success
2024-02-05T23:06:10.614+05:30  WARN 5148 --- [           main] c.r.e.services.SchedulerService          : success
2024-02-05T23:06:10.614+05:30  WARN 5148 --- [           main] c.r.e.services.SchedulerService          : success
2024-02-05T23:06:10.614+05:30  WARN 5148 --- [           main] c.r.e.services.SchedulerService          : success
2024-02-05T23:06:10.614+05:30  WARN 5148 --- [           main] c.r.e.services.SchedulerService          : success
2024-02-05T23:06:10.615+05:30  WARN 5148 --- [           main] c.r.e.services.SchedulerService          : success
2024-02-05T23:06:10.615+05:30  WARN 5148 --- [           main] c.r.e.services.SchedulerService          : success
2024-02-05T23:06:10.615+05:30  WARN 5148 --- [           main] c.r.e.services.SchedulerService          : success
2024-02-05T23:06:10.615+05:30  WARN 5148 --- [           main] c.r.e.services.SchedulerService          : success
2024-02-05T23:06:10.615+05:30  WARN 5148 --- [           main] c.r.e.services.SchedulerService          : success
2024-02-05T23:06:10.616+05:30  WARN 5148 --- [           main] c.r.e.services.SchedulerService          : success
2024-02-05T23:06:10.616+05:30  WARN 5148 --- [           main] c.r.e.services.SchedulerService          : success
2024-02-05T23:06:10.616+05:30  WARN 5148 --- [           main] c.r.e.services.SchedulerService          : success
2024-02-05T23:06:10.616+05:30  WARN 5148 --- [           main] c.r.e.services.SchedulerService          : success
2024-02-05T23:06:10.617+05:30  WARN 5148 --- [           main] c.r.e.services.SchedulerService          : success
2024-02-05T23:06:10.617+05:30  WARN 5148 --- [           main] c.r.e.services.SchedulerService          : success
2024-02-05T23:06:10.617+05:30  WARN 5148 --- [           main] c.r.e.services.SchedulerService          : success
2024-02-05T23:06:10.617+05:30  WARN 5148 --- [           main] c.r.e.services.SchedulerService          : success
2024-02-05T23:06:10.618+05:30  WARN 5148 --- [           main] c.r.e.services.SchedulerService          : success
2024-02-05T23:06:10.618+05:30  WARN 5148 --- [           main] c.r.e.services.SchedulerService          : success
2024-02-05T23:06:10.618+05:30  WARN 5148 --- [           main] c.r.e.services.SchedulerService          : success
2024-02-05T23:06:10.618+05:30  WARN 5148 --- [           main] c.r.e.services.SchedulerService          : success
2024-02-05T23:06:10.618+05:30  WARN 5148 --- [           main] c.r.e.services.SchedulerService          : success
2024-02-05T23:06:10.619+05:30  WARN 5148 --- [           main] c.r.e.services.SchedulerService          : success
2024-02-05T23:06:10.619+05:30  WARN 5148 --- [           main] c.r.e.services.SchedulerService          : success
2024-02-05T23:06:10.619+05:30  WARN 5148 --- [           main] c.r.e.services.SchedulerService          : success
2024-02-05T23:06:10.620+05:30  WARN 5148 --- [           main] c.r.e.services.SchedulerService          : success
2024-02-05T23:06:10.620+05:30  WARN 5148 --- [           main] c.r.e.services.SchedulerService          : success
2024-02-05T23:06:10.620+05:30  WARN 5148 --- [           main] c.r.e.services.SchedulerService          : success
2024-02-05T23:06:10.621+05:30  WARN 5148 --- [           main] c.r.e.services.SchedulerService          : success
2024-02-05T23:06:10.621+05:30  WARN 5148 --- [           main] c.r.e.services.SchedulerService          : success
2024-02-05T23:06:10.621+05:30  WARN 5148 --- [           main] c.r.e.services.SchedulerService          : success
2024-02-05T23:06:10.621+05:30  WARN 5148 --- [           main] c.r.e.services.SchedulerService          : success
2024-02-05T23:06:10.621+05:30  WARN 5148 --- [           main] c.r.e.services.SchedulerService          : success
2024-02-05T23:06:10.622+05:30  WARN 5148 --- [           main] c.r.e.services.SchedulerService          : success
2024-02-05T23:06:10.622+05:30  WARN 5148 --- [           main] c.r.e.services.SchedulerService          : success
2024-02-05T23:06:10.622+05:30  WARN 5148 --- [           main] c.r.e.services.SchedulerService          : success
2024-02-05T23:06:10.623+05:30  WARN 5148 --- [           main] c.r.e.services.SchedulerService          : success
2024-02-05T23:06:10.623+05:30  WARN 5148 --- [           main] c.r.e.services.SchedulerService          : success
2024-02-05T23:06:10.623+05:30  WARN 5148 --- [           main] c.r.e.services.SchedulerService          : success
2024-02-05T23:06:10.623+05:30  WARN 5148 --- [           main] c.r.e.services.SchedulerService          : success
2024-02-05T23:06:10.623+05:30  WARN 5148 --- [           main] c.r.e.services.SchedulerService          : success
2024-02-05T23:06:10.624+05:30  WARN 5148 --- [           main] c.r.e.services.SchedulerService          : success
2024-02-05T23:06:10.624+05:30  WARN 5148 --- [           main] c.r.e.services.SchedulerService          : success
2024-02-05T23:06:10.624+05:30  WARN 5148 --- [           main] c.r.e.services.SchedulerService          : success
2024-02-05T23:06:10.624+05:30  WARN 5148 --- [           main] c.r.e.services.SchedulerService          : success
2024-02-05T23:06:10.625+05:30  WARN 5148 --- [           main] c.r.e.services.SchedulerService          : success
2024-02-05T23:06:10.625+05:30  WARN 5148 --- [           main] c.r.e.services.SchedulerService          : success
2024-02-05T23:06:10.625+05:30  WARN 5148 --- [           main] c.r.e.services.SchedulerService          : success
2024-02-05T23:06:10.625+05:30  WARN 5148 --- [           main] c.r.e.services.SchedulerService          : success
2024-02-05T23:06:10.626+05:30  WARN 5148 --- [           main] c.r.e.services.SchedulerService          : success
2024-02-05T23:06:10.626+05:30  WARN 5148 --- [           main] c.r.e.services.SchedulerService          : success
2024-02-05T23:06:10.626+05:30  WARN 5148 --- [           main] c.r.e.services.SchedulerService          : success
2024-02-05T23:06:10.626+05:30  WARN 5148 --- [           main] c.r.e.services.SchedulerService          : success
2024-02-05T23:06:10.627+05:30  WARN 5148 --- [           main] c.r.e.services.SchedulerService          : success
2024-02-05T23:06:10.627+05:30  WARN 5148 --- [           main] c.r.e.services.SchedulerService          : success
2024-02-05T23:06:10.628+05:30  WARN 5148 --- [           main] c.r.e.services.SchedulerService          : success
2024-02-05T23:06:10.628+05:30  WARN 5148 --- [           main] c.r.e.services.SchedulerService          : success
2024-02-05T23:06:10.629+05:30  WARN 5148 --- [           main] c.r.e.services.SchedulerService          : success
2024-02-05T23:06:10.629+05:30  WARN 5148 --- [           main] c.r.e.services.SchedulerService          : success
2024-02-05T23:06:10.629+05:30  WARN 5148 --- [           main] c.r.e.services.SchedulerService          : success
2024-02-05T23:06:10.629+05:30  WARN 5148 --- [           main] c.r.e.services.SchedulerService          : success
2024-02-05T23:06:10.630+05:30  WARN 5148 --- [           main] c.r.e.services.SchedulerService          : success
2024-02-05T23:06:10.630+05:30  WARN 5148 --- [           main] c.r.e.services.SchedulerService          : success
2024-02-05T23:06:10.630+05:30  WARN 5148 --- [           main] c.r.e.services.SchedulerService          : success
2024-02-05T23:06:10.630+05:30  WARN 5148 --- [           main] c.r.e.services.SchedulerService          : success
2024-02-05T23:06:10.631+05:30  WARN 5148 --- [           main] c.r.e.services.SchedulerService          : success
2024-02-05T23:06:10.631+05:30  WARN 5148 --- [           main] c.r.e.services.SchedulerService          : success
2024-02-05T23:06:10.631+05:30  WARN 5148 --- [           main] c.r.e.services.SchedulerService          : success
2024-02-05T23:06:10.631+05:30  WARN 5148 --- [           main] c.r.e.services.SchedulerService          : success
2024-02-05T23:06:10.631+05:30  WARN 5148 --- [           main] c.r.e.services.SchedulerService          : success
2024-02-05T23:06:10.632+05:30  WARN 5148 --- [           main] c.r.e.services.SchedulerService          : success
2024-02-05T23:06:10.632+05:30  WARN 5148 --- [           main] c.r.e.services.SchedulerService          : success
2024-02-05T23:06:10.632+05:30  WARN 5148 --- [           main] c.r.e.services.SchedulerService          : success
2024-02-05T23:06:10.632+05:30  WARN 5148 --- [           main] c.r.e.services.SchedulerService          : success
2024-02-05T23:06:10.632+05:30  WARN 5148 --- [           main] c.r.e.services.SchedulerService          : success
2024-02-05T23:06:10.632+05:30  WARN 5148 --- [           main] c.r.e.services.SchedulerService          : success
2024-02-05T23:06:10.633+05:30  WARN 5148 --- [           main] c.r.e.services.SchedulerService          : success
2024-02-05T23:06:10.633+05:30  WARN 5148 --- [           main] c.r.e.services.SchedulerService          : success
2024-02-05T23:06:10.633+05:30  WARN 5148 --- [           main] c.r.e.services.SchedulerService          : success
2024-02-05T23:06:10.633+05:30  WARN 5148 --- [           main] c.r.e.services.SchedulerService          : success
2024-02-05T23:06:10.633+05:30  WARN 5148 --- [           main] c.r.e.services.SchedulerService          : success
2024-02-05T23:06:10.634+05:30  WARN 5148 --- [           main] c.r.e.services.SchedulerService          : success
2024-02-05T23:06:10.634+05:30  WARN 5148 --- [           main] c.r.e.services.SchedulerService          : success
2024-02-05T23:06:10.634+05:30  WARN 5148 --- [           main] c.r.e.services.SchedulerService          : success
2024-02-05T23:06:10.634+05:30  WARN 5148 --- [           main] c.r.e.services.SchedulerService          : success
2024-02-05T23:06:10.634+05:30  WARN 5148 --- [           main] c.r.e.services.SchedulerService          : success
2024-02-05T23:06:10.634+05:30  WARN 5148 --- [           main] c.r.e.services.SchedulerService          : success
2024-02-05T23:06:10.635+05:30  WARN 5148 --- [           main] c.r.e.services.SchedulerService          : success
2024-02-05T23:06:10.635+05:30  WARN 5148 --- [           main] c.r.e.services.SchedulerService          : success
2024-02-05T23:06:10.635+05:30  WARN 5148 --- [           main] c.r.e.services.SchedulerService          : success
2024-02-05T23:06:10.635+05:30  WARN 5148 --- [           main] c.r.e.services.SchedulerService          : success
2024-02-05T23:06:10.635+05:30  WARN 5148 --- [           main] c.r.e.services.SchedulerService          : success
2024-02-05T23:06:10.636+05:30  WARN 5148 --- [           main] c.r.e.services.SchedulerService          : success
2024-02-05T23:06:10.636+05:30  WARN 5148 --- [           main] c.r.e.services.SchedulerService          : success
2024-02-05T23:06:10.636+05:30  WARN 5148 --- [           main] c.r.e.services.SchedulerService          : success
2024-02-05T23:06:10.636+05:30  WARN 5148 --- [           main] c.r.e.services.SchedulerService          : success
2024-02-05T23:06:10.636+05:30  WARN 5148 --- [           main] c.r.e.services.SchedulerService          : success
2024-02-05T23:06:10.636+05:30  WARN 5148 --- [           main] c.r.e.services.SchedulerService          : success
2024-02-05T23:06:10.637+05:30  WARN 5148 --- [           main] c.r.e.services.SchedulerService          : success
2024-02-05T23:06:10.637+05:30  WARN 5148 --- [           main] c.r.e.services.SchedulerService          : success
2024-02-05T23:06:10.637+05:30  WARN 5148 --- [           main] c.r.e.services.SchedulerService          : success
2024-02-05T23:06:10.637+05:30  WARN 5148 --- [           main] c.r.e.services.SchedulerService          : success
2024-02-05T23:06:10.637+05:30  WARN 5148 --- [           main] c.r.e.services.SchedulerService          : success
2024-02-05T23:06:10.638+05:30  WARN 5148 --- [           main] c.r.e.services.SchedulerService          : success
2024-02-05T23:06:10.638+05:30  WARN 5148 --- [           main] c.r.e.services.SchedulerService          : success
2024-02-05T23:06:10.638+05:30  WARN 5148 --- [           main] c.r.e.services.SchedulerService          : success
2024-02-05T23:06:10.638+05:30  WARN 5148 --- [           main] c.r.e.services.SchedulerService          : success
2024-02-05T23:06:10.638+05:30  WARN 5148 --- [           main] c.r.e.services.SchedulerService          : success
2024-02-05T23:06:10.638+05:30  WARN 5148 --- [           main] c.r.e.services.SchedulerService          : success
2024-02-05T23:06:10.639+05:30  WARN 5148 --- [           main] c.r.e.services.SchedulerService          : success
2024-02-05T23:06:10.639+05:30  WARN 5148 --- [           main] c.r.e.services.SchedulerService          : success
2024-02-05T23:06:10.639+05:30  WARN 5148 --- [           main] c.r.e.services.SchedulerService          : success
2024-02-05T23:06:10.639+05:30  WARN 5148 --- [           main] c.r.e.services.SchedulerService          : success
2024-02-05T23:06:10.639+05:30  WARN 5148 --- [           main] c.r.e.services.SchedulerService          : success
2024-02-05T23:06:10.640+05:30  WARN 5148 --- [           main] c.r.e.services.SchedulerService          : success
2024-02-05T23:06:10.640+05:30  WARN 5148 --- [           main] c.r.e.services.SchedulerService          : success
2024-02-05T23:06:10.640+05:30  WARN 5148 --- [           main] c.r.e.services.SchedulerService          : success
2024-02-05T23:06:10.640+05:30  WARN 5148 --- [           main] c.r.e.services.SchedulerService          : success
2024-02-05T23:06:10.640+05:30  WARN 5148 --- [           main] c.r.e.services.SchedulerService          : success
2024-02-05T23:06:10.641+05:30  WARN 5148 --- [           main] c.r.e.services.SchedulerService          : success
2024-02-05T23:06:10.641+05:30  WARN 5148 --- [           main] c.r.e.services.SchedulerService          : success
2024-02-05T23:06:10.641+05:30  WARN 5148 --- [           main] c.r.e.services.SchedulerService          : success
2024-02-05T23:06:10.641+05:30  WARN 5148 --- [           main] c.r.e.services.SchedulerService          : success
2024-02-05T23:06:10.641+05:30  WARN 5148 --- [           main] c.r.e.services.SchedulerService          : success
2024-02-05T23:06:10.642+05:30  WARN 5148 --- [           main] c.r.e.services.SchedulerService          : success
2024-02-05T23:06:10.642+05:30  WARN 5148 --- [           main] c.r.e.services.SchedulerService          : success
2024-02-05T23:06:10.642+05:30  WARN 5148 --- [           main] c.r.e.services.SchedulerService          : success
2024-02-05T23:06:10.642+05:30  WARN 5148 --- [           main] c.r.e.services.SchedulerService          : success
2024-02-05T23:06:10.642+05:30  WARN 5148 --- [           main] c.r.e.services.SchedulerService          : success
2024-02-05T23:06:10.642+05:30  WARN 5148 --- [           main] c.r.e.services.SchedulerService          : success
2024-02-05T23:06:10.643+05:30  WARN 5148 --- [           main] c.r.e.services.SchedulerService          : success
2024-02-05T23:06:10.643+05:30  WARN 5148 --- [           main] c.r.e.services.SchedulerService          : success
2024-02-05T23:06:10.643+05:30  WARN 5148 --- [           main] c.r.e.services.SchedulerService          : success
2024-02-05T23:06:10.643+05:30  WARN 5148 --- [           main] c.r.e.services.SchedulerService          : success
2024-02-05T23:06:10.643+05:30  WARN 5148 --- [           main] c.r.e.services.SchedulerService          : success
2024-02-05T23:06:10.643+05:30  WARN 5148 --- [           main] c.r.e.services.SchedulerService          : success
2024-02-05T23:06:10.644+05:30  WARN 5148 --- [           main] c.r.e.services.SchedulerService          : success
2024-02-05T23:06:10.644+05:30  WARN 5148 --- [           main] c.r.e.services.SchedulerService          : success
2024-02-05T23:06:10.644+05:30  WARN 5148 --- [           main] c.r.e.services.SchedulerService          : success
2024-02-05T23:06:10.644+05:30  WARN 5148 --- [           main] c.r.e.services.SchedulerService          : success
2024-02-05T23:06:10.644+05:30  WARN 5148 --- [           main] c.r.e.services.SchedulerService          : success
2024-02-05T23:06:10.644+05:30  WARN 5148 --- [           main] c.r.e.services.SchedulerService          : success
2024-02-05T23:06:10.644+05:30  WARN 5148 --- [           main] c.r.e.services.SchedulerService          : success
2024-02-05T23:06:10.645+05:30  WARN 5148 --- [           main] c.r.e.services.SchedulerService          : success
2024-02-05T23:06:10.645+05:30  WARN 5148 --- [           main] c.r.e.services.SchedulerService          : success
2024-02-05T23:06:10.645+05:30  WARN 5148 --- [           main] c.r.e.services.SchedulerService          : success
2024-02-05T23:06:10.645+05:30  WARN 5148 --- [           main] c.r.e.services.SchedulerService          : success
2024-02-05T23:06:10.645+05:30  WARN 5148 --- [           main] c.r.e.services.SchedulerService          : success
2024-02-05T23:06:10.645+05:30  WARN 5148 --- [           main] c.r.e.services.SchedulerService          : success
2024-02-05T23:06:10.646+05:30  WARN 5148 --- [           main] c.r.e.services.SchedulerService          : success
2024-02-05T23:06:10.646+05:30  WARN 5148 --- [           main] c.r.e.services.SchedulerService          : success
2024-02-05T23:06:10.646+05:30  WARN 5148 --- [           main] c.r.e.services.SchedulerService          : success
2024-02-05T23:06:10.646+05:30  WARN 5148 --- [           main] c.r.e.services.SchedulerService          : success
2024-02-05T23:06:10.646+05:30  WARN 5148 --- [           main] c.r.e.services.SchedulerService          : success
2024-02-05T23:06:10.646+05:30  WARN 5148 --- [           main] c.r.e.services.SchedulerService          : success
2024-02-05T23:06:10.646+05:30  WARN 5148 --- [           main] c.r.e.services.SchedulerService          : success
2024-02-05T23:06:10.647+05:30  WARN 5148 --- [           main] c.r.e.services.SchedulerService          : success
2024-02-05T23:06:10.647+05:30  WARN 5148 --- [           main] c.r.e.services.SchedulerService          : success
2024-02-05T23:06:10.647+05:30  WARN 5148 --- [           main] c.r.e.services.SchedulerService          : success
2024-02-05T23:06:10.647+05:30  WARN 5148 --- [           main] c.r.e.services.SchedulerService          : success
2024-02-05T23:06:10.647+05:30  WARN 5148 --- [           main] c.r.e.services.SchedulerService          : success
2024-02-05T23:06:10.647+05:30  WARN 5148 --- [           main] c.r.e.services.SchedulerService          : success
2024-02-05T23:06:10.648+05:30  WARN 5148 --- [           main] c.r.e.services.SchedulerService          : success
2024-02-05T23:06:10.648+05:30  WARN 5148 --- [           main] c.r.e.services.SchedulerService          : success
2024-02-05T23:06:10.648+05:30  WARN 5148 --- [           main] c.r.e.services.SchedulerService          : success
2024-02-05T23:06:10.648+05:30  WARN 5148 --- [           main] c.r.e.services.SchedulerService          : success
2024-02-05T23:06:10.648+05:30  WARN 5148 --- [           main] c.r.e.services.SchedulerService          : success
2024-02-05T23:06:10.648+05:30  WARN 5148 --- [           main] c.r.e.services.SchedulerService          : success
2024-02-05T23:06:10.649+05:30  WARN 5148 --- [           main] c.r.e.services.SchedulerService          : success
2024-02-05T23:06:10.649+05:30  WARN 5148 --- [           main] c.r.e.services.SchedulerService          : success
2024-02-05T23:06:10.649+05:30  WARN 5148 --- [           main] c.r.e.services.SchedulerService          : success
2024-02-05T23:06:10.649+05:30  WARN 5148 --- [           main] c.r.e.services.SchedulerService          : success
2024-02-05T23:06:10.649+05:30  WARN 5148 --- [           main] c.r.e.services.SchedulerService          : success
2024-02-05T23:06:10.649+05:30  WARN 5148 --- [           main] c.r.e.services.SchedulerService          : success
2024-02-05T23:06:10.650+05:30  WARN 5148 --- [           main] c.r.e.services.SchedulerService          : success
2024-02-05T23:06:10.650+05:30  WARN 5148 --- [           main] c.r.e.services.SchedulerService          : success
2024-02-05T23:06:10.650+05:30  WARN 5148 --- [           main] c.r.e.services.SchedulerService          : success
2024-02-05T23:06:10.650+05:30  WARN 5148 --- [           main] c.r.e.services.SchedulerService          : success
2024-02-05T23:06:10.650+05:30  WARN 5148 --- [           main] c.r.e.services.SchedulerService          : success
2024-02-05T23:06:10.650+05:30  WARN 5148 --- [           main] c.r.e.services.SchedulerService          : success
2024-02-05T23:06:10.651+05:30  WARN 5148 --- [           main] c.r.e.services.SchedulerService          : success
2024-02-05T23:06:10.651+05:30  WARN 5148 --- [           main] c.r.e.services.SchedulerService          : success
2024-02-05T23:06:10.651+05:30  WARN 5148 --- [           main] c.r.e.services.SchedulerService          : success
2024-02-05T23:06:10.651+05:30  WARN 5148 --- [           main] c.r.e.services.SchedulerService          : success
2024-02-05T23:06:10.651+05:30  WARN 5148 --- [           main] c.r.e.services.SchedulerService          : success
2024-02-05T23:06:10.651+05:30  WARN 5148 --- [           main] c.r.e.services.SchedulerService          : success
2024-02-05T23:06:10.652+05:30  WARN 5148 --- [           main] c.r.e.services.SchedulerService          : success
2024-02-05T23:06:10.652+05:30  WARN 5148 --- [           main] c.r.e.services.SchedulerService          : success
2024-02-05T23:06:10.652+05:30  WARN 5148 --- [           main] c.r.e.services.SchedulerService          : success
2024-02-05T23:06:10.652+05:30  WARN 5148 --- [           main] c.r.e.services.SchedulerService          : success
2024-02-05T23:06:10.652+05:30  WARN 5148 --- [           main] c.r.e.services.SchedulerService          : success
2024-02-05T23:06:10.653+05:30  WARN 5148 --- [           main] c.r.e.services.SchedulerService          : success
2024-02-05T23:06:10.653+05:30  WARN 5148 --- [           main] c.r.e.services.SchedulerService          : success
2024-02-05T23:06:10.653+05:30  WARN 5148 --- [           main] c.r.e.services.SchedulerService          : success
2024-02-05T23:06:10.653+05:30  WARN 5148 --- [           main] c.r.e.services.SchedulerService          : success
2024-02-05T23:06:10.653+05:30  WARN 5148 --- [           main] c.r.e.services.SchedulerService          : success
2024-02-05T23:06:10.653+05:30  WARN 5148 --- [           main] c.r.e.services.SchedulerService          : success
2024-02-05T23:06:10.654+05:30  WARN 5148 --- [           main] c.r.e.services.SchedulerService          : success
2024-02-05T23:06:10.654+05:30  WARN 5148 --- [           main] c.r.e.services.SchedulerService          : success
2024-02-05T23:06:10.654+05:30  WARN 5148 --- [           main] c.r.e.services.SchedulerService          : success
2024-02-05T23:06:10.655+05:30  WARN 5148 --- [           main] c.r.e.services.SchedulerService          : success
2024-02-05T23:06:10.655+05:30  WARN 5148 --- [           main] c.r.e.services.SchedulerService          : success
2024-02-05T23:06:10.655+05:30  WARN 5148 --- [           main] c.r.e.services.SchedulerService          : success
2024-02-05T23:06:10.656+05:30  WARN 5148 --- [           main] c.r.e.services.SchedulerService          : success
2024-02-05T23:06:10.656+05:30  WARN 5148 --- [           main] c.r.e.services.SchedulerService          : success
2024-02-05T23:06:10.656+05:30  WARN 5148 --- [           main] c.r.e.services.SchedulerService          : success
2024-02-05T23:06:10.656+05:30  WARN 5148 --- [           main] c.r.e.services.SchedulerService          : success
2024-02-05T23:06:10.656+05:30  WARN 5148 --- [           main] c.r.e.services.SchedulerService          : success
2024-02-05T23:06:10.657+05:30  WARN 5148 --- [           main] c.r.e.services.SchedulerService          : success
2024-02-05T23:06:10.657+05:30  WARN 5148 --- [           main] c.r.e.services.SchedulerService          : success
2024-02-05T23:06:10.657+05:30  WARN 5148 --- [           main] c.r.e.services.SchedulerService          : success
2024-02-05T23:06:10.657+05:30  WARN 5148 --- [           main] c.r.e.services.SchedulerService          : success
2024-02-05T23:06:10.657+05:30  WARN 5148 --- [           main] c.r.e.services.SchedulerService          : success
2024-02-05T23:06:10.658+05:30  WARN 5148 --- [           main] c.r.e.services.SchedulerService          : success
2024-02-05T23:06:10.658+05:30  WARN 5148 --- [           main] c.r.e.services.SchedulerService          : success
2024-02-05T23:06:10.658+05:30  WARN 5148 --- [           main] c.r.e.services.SchedulerService          : success
2024-02-05T23:06:10.658+05:30  WARN 5148 --- [           main] c.r.e.services.SchedulerService          : success
2024-02-05T23:06:10.658+05:30  WARN 5148 --- [           main] c.r.e.services.SchedulerService          : success
2024-02-05T23:06:10.659+05:30  WARN 5148 --- [           main] c.r.e.services.SchedulerService          : success
2024-02-05T23:06:10.659+05:30  WARN 5148 --- [           main] c.r.e.services.SchedulerService          : success
2024-02-05T23:06:10.659+05:30  WARN 5148 --- [           main] c.r.e.services.SchedulerService          : success
2024-02-05T23:06:10.659+05:30  WARN 5148 --- [           main] c.r.e.services.SchedulerService          : success
2024-02-05T23:06:10.659+05:30  WARN 5148 --- [           main] c.r.e.services.SchedulerService          : success
2024-02-05T23:06:10.660+05:30  WARN 5148 --- [           main] c.r.e.services.SchedulerService          : success
2024-02-05T23:06:10.660+05:30  WARN 5148 --- [           main] c.r.e.services.SchedulerService          : success
2024-02-05T23:06:10.660+05:30  WARN 5148 --- [           main] c.r.e.services.SchedulerService          : success
2024-02-05T23:06:10.660+05:30  WARN 5148 --- [           main] c.r.e.services.SchedulerService          : success
2024-02-05T23:06:10.660+05:30  WARN 5148 --- [           main] c.r.e.services.SchedulerService          : success
2024-02-05T23:06:10.660+05:30  WARN 5148 --- [           main] c.r.e.services.SchedulerService          : success
2024-02-05T23:06:10.661+05:30  WARN 5148 --- [           main] c.r.e.services.SchedulerService          : success
2024-02-05T23:06:10.661+05:30  WARN 5148 --- [           main] c.r.e.services.SchedulerService          : success
2024-02-05T23:06:10.661+05:30  WARN 5148 --- [           main] c.r.e.services.SchedulerService          : success
2024-02-05T23:06:10.661+05:30  WARN 5148 --- [           main] c.r.e.services.SchedulerService          : success
2024-02-05T23:06:10.661+05:30  WARN 5148 --- [           main] c.r.e.services.SchedulerService          : success
2024-02-05T23:06:10.662+05:30  WARN 5148 --- [           main] c.r.e.services.SchedulerService          : success
2024-02-05T23:06:10.662+05:30  WARN 5148 --- [           main] c.r.e.services.SchedulerService          : success
2024-02-05T23:06:10.662+05:30  WARN 5148 --- [           main] c.r.e.services.SchedulerService          : success
2024-02-05T23:06:10.662+05:30  WARN 5148 --- [           main] c.r.e.services.SchedulerService          : success
2024-02-05T23:06:10.662+05:30  WARN 5148 --- [           main] c.r.e.services.SchedulerService          : success
2024-02-05T23:06:10.662+05:30  WARN 5148 --- [           main] c.r.e.services.SchedulerService          : success
2024-02-05T23:06:10.663+05:30  WARN 5148 --- [           main] c.r.e.services.SchedulerService          : success
2024-02-05T23:06:10.663+05:30  WARN 5148 --- [           main] c.r.e.services.SchedulerService          : success
2024-02-05T23:06:10.663+05:30  WARN 5148 --- [           main] c.r.e.services.SchedulerService          : success
2024-02-05T23:06:10.663+05:30  WARN 5148 --- [           main] c.r.e.services.SchedulerService          : success
2024-02-05T23:06:10.663+05:30  WARN 5148 --- [           main] c.r.e.services.SchedulerService          : success
2024-02-05T23:06:10.664+05:30  WARN 5148 --- [           main] c.r.e.services.SchedulerService          : success
2024-02-05T23:06:10.664+05:30  WARN 5148 --- [           main] c.r.e.services.SchedulerService          : success
2024-02-05T23:06:10.664+05:30  WARN 5148 --- [           main] c.r.e.services.SchedulerService          : success
2024-02-05T23:06:10.664+05:30  WARN 5148 --- [           main] c.r.e.services.SchedulerService          : success
2024-02-05T23:06:10.664+05:30  WARN 5148 --- [           main] c.r.e.services.SchedulerService          : success
2024-02-05T23:06:10.664+05:30  WARN 5148 --- [           main] c.r.e.services.SchedulerService          : success
2024-02-05T23:06:10.665+05:30  WARN 5148 --- [           main] c.r.e.services.SchedulerService          : success
2024-02-05T23:06:10.665+05:30  WARN 5148 --- [           main] c.r.e.services.SchedulerService          : success
2024-02-05T23:06:10.665+05:30  WARN 5148 --- [           main] c.r.e.services.SchedulerService          : success
2024-02-05T23:06:10.665+05:30  WARN 5148 --- [           main] c.r.e.services.SchedulerService          : success
2024-02-05T23:06:10.665+05:30  WARN 5148 --- [           main] c.r.e.services.SchedulerService          : success
2024-02-05T23:06:10.665+05:30  WARN 5148 --- [           main] c.r.e.services.SchedulerService          : success
2024-02-05T23:06:10.666+05:30  WARN 5148 --- [           main] c.r.e.services.SchedulerService          : success
2024-02-05T23:06:10.666+05:30  WARN 5148 --- [           main] c.r.e.services.SchedulerService          : success
2024-02-05T23:06:10.666+05:30  WARN 5148 --- [           main] c.r.e.services.SchedulerService          : success
2024-02-05T23:06:10.666+05:30  WARN 5148 --- [           main] c.r.e.services.SchedulerService          : success
2024-02-05T23:06:10.666+05:30  WARN 5148 --- [           main] c.r.e.services.SchedulerService          : success
2024-02-05T23:06:10.666+05:30  WARN 5148 --- [           main] c.r.e.services.SchedulerService          : success
2024-02-05T23:06:10.667+05:30  WARN 5148 --- [           main] c.r.e.services.SchedulerService          : success
2024-02-05T23:06:10.667+05:30  WARN 5148 --- [           main] c.r.e.services.SchedulerService          : success
2024-02-05T23:06:10.667+05:30  WARN 5148 --- [           main] c.r.e.services.SchedulerService          : success
2024-02-05T23:06:10.667+05:30  WARN 5148 --- [           main] c.r.e.services.SchedulerService          : success
2024-02-05T23:06:10.667+05:30  WARN 5148 --- [           main] c.r.e.services.SchedulerService          : success
2024-02-05T23:06:10.667+05:30  WARN 5148 --- [           main] c.r.e.services.SchedulerService          : success
2024-02-05T23:06:10.668+05:30  WARN 5148 --- [           main] c.r.e.services.SchedulerService          : success
2024-02-05T23:06:10.668+05:30  WARN 5148 --- [           main] c.r.e.services.SchedulerService          : success
2024-02-05T23:06:10.668+05:30  WARN 5148 --- [           main] c.r.e.services.SchedulerService          : success
2024-02-05T23:06:10.668+05:30  WARN 5148 --- [           main] c.r.e.services.SchedulerService          : success
2024-02-05T23:06:10.668+05:30  WARN 5148 --- [           main] c.r.e.services.SchedulerService          : success
2024-02-05T23:06:10.668+05:30  WARN 5148 --- [           main] c.r.e.services.SchedulerService          : success
2024-02-05T23:06:10.668+05:30  WARN 5148 --- [           main] c.r.e.services.SchedulerService          : success
2024-02-05T23:06:10.669+05:30  WARN 5148 --- [           main] c.r.e.services.SchedulerService          : success
2024-02-05T23:06:10.669+05:30  WARN 5148 --- [           main] c.r.e.services.SchedulerService          : success
2024-02-05T23:06:10.669+05:30  WARN 5148 --- [           main] c.r.e.services.SchedulerService          : success
2024-02-05T23:06:10.669+05:30  WARN 5148 --- [           main] c.r.e.services.SchedulerService          : success
2024-02-05T23:06:10.669+05:30  WARN 5148 --- [           main] c.r.e.services.SchedulerService          : success
2024-02-05T23:06:10.669+05:30  WARN 5148 --- [           main] c.r.e.services.SchedulerService          : success
2024-02-05T23:06:10.670+05:30  WARN 5148 --- [           main] c.r.e.services.SchedulerService          : success
2024-02-05T23:06:10.670+05:30  WARN 5148 --- [           main] c.r.e.services.SchedulerService          : success
2024-02-05T23:06:10.670+05:30  WARN 5148 --- [           main] c.r.e.services.SchedulerService          : success
2024-02-05T23:06:10.670+05:30  WARN 5148 --- [           main] c.r.e.services.SchedulerService          : success
2024-02-05T23:06:10.671+05:30  WARN 5148 --- [           main] c.r.e.services.SchedulerService          : success
2024-02-05T23:06:10.671+05:30  WARN 5148 --- [           main] c.r.e.services.SchedulerService          : success
2024-02-05T23:06:10.671+05:30  WARN 5148 --- [           main] c.r.e.services.SchedulerService          : success
2024-02-05T23:06:10.672+05:30  WARN 5148 --- [           main] c.r.e.services.SchedulerService          : success
2024-02-05T23:06:10.672+05:30  WARN 5148 --- [           main] c.r.e.services.SchedulerService          : success
2024-02-05T23:06:10.673+05:30  WARN 5148 --- [           main] c.r.e.services.SchedulerService          : success
2024-02-05T23:06:10.673+05:30  WARN 5148 --- [           main] c.r.e.services.SchedulerService          : success
2024-02-05T23:06:10.673+05:30  WARN 5148 --- [           main] c.r.e.services.SchedulerService          : success
2024-02-05T23:06:10.674+05:30  WARN 5148 --- [           main] c.r.e.services.SchedulerService          : success
2024-02-05T23:06:10.674+05:30  WARN 5148 --- [           main] c.r.e.services.SchedulerService          : success
2024-02-05T23:06:10.674+05:30  WARN 5148 --- [           main] c.r.e.services.SchedulerService          : success
2024-02-05T23:06:10.675+05:30  WARN 5148 --- [           main] c.r.e.services.SchedulerService          : success
2024-02-05T23:06:10.675+05:30  WARN 5148 --- [           main] c.r.e.services.SchedulerService          : success
2024-02-05T23:06:10.675+05:30  WARN 5148 --- [           main] c.r.e.services.SchedulerService          : success
2024-02-05T23:06:10.676+05:30  WARN 5148 --- [           main] c.r.e.services.SchedulerService          : success
2024-02-05T23:06:10.676+05:30  WARN 5148 --- [           main] c.r.e.services.SchedulerService          : success
2024-02-05T23:06:10.676+05:30  WARN 5148 --- [           main] c.r.e.services.SchedulerService          : success
2024-02-05T23:06:10.677+05:30  WARN 5148 --- [           main] c.r.e.services.SchedulerService          : success
2024-02-05T23:06:10.677+05:30  WARN 5148 --- [           main] c.r.e.services.SchedulerService          : success
2024-02-05T23:06:10.677+05:30  WARN 5148 --- [           main] c.r.e.services.SchedulerService          : success
2024-02-05T23:06:10.678+05:30  WARN 5148 --- [           main] c.r.e.services.SchedulerService          : success
2024-02-05T23:06:10.678+05:30  WARN 5148 --- [           main] c.r.e.services.SchedulerService          : success
]]></system-out>
  </testcase>
</testsuite>